<?xml version="1.0" encoding="UTF-8"?>
<testng-results total="2" passed="2" failed="0" skipped="0">
  <reporter-output>
  </reporter-output>
  <suite started-at="2019-07-25T21:00:16Z" name="InetBankingV1" finished-at="2019-07-25T21:00:55Z" duration-ms="39411">
    <groups>
    </groups>
    <test started-at="2019-07-25T21:00:16Z" name="BankingApp Test" finished-at="2019-07-25T21:00:55Z" duration-ms="39411">
      <class name="com.inetbanking.testCases.TC_AddCustomerTest_003">
        <test-method is-config="true" signature="Setup(java.lang.String)[pri:0, instance:com.inetbanking.testCases.TC_AddCustomerTest_003@3427b02d]" started-at="2019-07-26T02:30:32Z" name="Setup" finished-at="2019-07-26T02:30:38Z" duration-ms="6341" status="PASS">
          <params>
            <param index="0">
              <value>
                <![CDATA[chrome]]>
              </value>
            </param>
          </params>
          <reporter-output>
          </reporter-output>
        </test-method> <!-- Setup -->
        <test-method signature="addNewCustomer()[pri:0, instance:com.inetbanking.testCases.TC_AddCustomerTest_003@3427b02d]" started-at="2019-07-26T02:30:38Z" name="addNewCustomer" finished-at="2019-07-26T02:30:55Z" duration-ms="16508" status="PASS">
          <reporter-output>
          </reporter-output>
        </test-method> <!-- addNewCustomer -->
        <test-method is-config="true" signature="tearDown()[pri:0, instance:com.inetbanking.testCases.TC_AddCustomerTest_003@3427b02d]" started-at="2019-07-26T02:30:55Z" name="tearDown" finished-at="2019-07-26T02:30:55Z" duration-ms="628" status="PASS">
          <reporter-output>
          </reporter-output>
        </test-method> <!-- tearDown -->
      </class> <!-- com.inetbanking.testCases.TC_AddCustomerTest_003 -->
      <class name="com.inetbanking.testCases.Tc_LoginTest_001">
        <test-method is-config="true" signature="Setup(java.lang.String)[pri:0, instance:com.inetbanking.testCases.Tc_LoginTest_001@20deea7f]" started-at="2019-07-26T02:30:16Z" name="Setup" finished-at="2019-07-26T02:30:27Z" duration-ms="10691" status="PASS">
          <params>
            <param index="0">
              <value>
                <![CDATA[chrome]]>
              </value>
            </param>
          </params>
          <reporter-output>
          </reporter-output>
        </test-method> <!-- Setup -->
        <test-method signature="loginTest()[pri:0, instance:com.inetbanking.testCases.Tc_LoginTest_001@20deea7f]" started-at="2019-07-26T02:30:27Z" name="loginTest" finished-at="2019-07-26T02:30:31Z" duration-ms="4125" status="PASS">
          <reporter-output>
          </reporter-output>
        </test-method> <!-- loginTest -->
        <test-method is-config="true" signature="tearDown()[pri:0, instance:com.inetbanking.testCases.Tc_LoginTest_001@20deea7f]" started-at="2019-07-26T02:30:31Z" name="tearDown" finished-at="2019-07-26T02:30:32Z" duration-ms="957" status="PASS">
          <reporter-output>
          </reporter-output>
        </test-method> <!-- tearDown -->
      </class> <!-- com.inetbanking.testCases.Tc_LoginTest_001 -->
    </test> <!-- BankingApp Test -->
  </suite> <!-- InetBankingV1 -->
</testng-results>
